<?xml version="1.0" encoding="UTF-8"?>
<!-- Generated by org.testng.reporters.JUnitReportReporter -->
<testsuite hostname="DESKTOP-6T2OMM2" failures="0" tests="3" name="com.tutorialninja.testcases.amazon" time="78.617" errors="0" timestamp="2024-10-09T13:50:55 IST" skipped="0">
  <testcase classname="com.tutorialninja.testcases.amazon" name="browserTest" time="26.953"/>
  <testcase classname="com.tutorialninja.testcases.amazon" name="browserTest" time="24.892"/>
  <testcase classname="com.tutorialninja.testcases.amazon" name="browserTest" time="26.772"/>
</testsuite> <!-- com.tutorialninja.testcases.amazon -->
