<?xml version="1.0" encoding="UTF-8"?>
<!-- Generated by org.testng.reporters.JUnitReportReporter -->
<testsuite hostname="DESKTOP-6T2OMM2" failures="0" tests="3" name="com.tutorialninja.testcases.amazon" time="77.467" errors="0" timestamp="2024-10-09T17:21:54 IST" skipped="0">
  <testcase classname="com.tutorialninja.testcases.amazon" name="browserTest" time="23.596"/>
  <testcase classname="com.tutorialninja.testcases.amazon" name="browserTest" time="28.046"/>
  <testcase classname="com.tutorialninja.testcases.amazon" name="browserTest" time="25.825"/>
</testsuite> <!-- com.tutorialninja.testcases.amazon -->
