<?xml version="1.0" encoding="UTF-8"?>
<!-- Generated by org.testng.reporters.JUnitReportReporter -->
<testsuite hostname="DESKTOP-6T2OMM2" failures="0" tests="3" name="amazon.crossbrowseer.testing" time="67.577" errors="0" timestamp="2024-10-10T14:39:00 IST" skipped="0">
  <testcase classname="amazon.crossbrowseer.testing" name="browserTest" time="20.036"/>
  <testcase classname="amazon.crossbrowseer.testing" name="browserTest" time="24.772"/>
  <testcase classname="amazon.crossbrowseer.testing" name="browserTest" time="22.769"/>
</testsuite> <!-- amazon.crossbrowseer.testing -->
